\BOOKMARK [1][]{section*.1}{I Introduction }{}% 1
\BOOKMARK [1][]{section*.2}{II The distinction between -ontic and -epistemic ontological models}{}% 2
\BOOKMARK [2][]{section*.3}{A What is an ontological model? }{section*.2}% 3
\BOOKMARK [2][]{section*.4}{B Classifying ontological models of quantum theory: heuristics}{section*.2}% 4
\BOOKMARK [2][]{section*.5}{C Classifying ontological models of quantum theory: a more rigorous approach}{section*.2}% 5
\BOOKMARK [2][]{section*.6}{D Examples }{section*.2}% 6
\BOOKMARK [3][]{section*.7}{1 The Beltrametti-Bugajski model }{section*.6}% 7
\BOOKMARK [3][]{section*.8}{2 The Bell-Mermin model }{section*.6}% 8
\BOOKMARK [3][]{section*.9}{3 The Kochen-Specker model }{section*.6}% 9
\BOOKMARK [3][]{section*.10}{4 Connections between the models}{section*.6}% 10
\BOOKMARK [1][]{section*.11}{III Locality in ontological models }{}% 11
\BOOKMARK [2][]{section*.12}{A -ontic models of quantum theory are nonlocal }{section*.11}% 12
\BOOKMARK [1][]{section*.13}{IV Reassessing Einstein's arguments for incompleteness }{}% 13
\BOOKMARK [2][]{section*.14}{A The EPR incompleteness argument}{section*.13}% 14
\BOOKMARK [2][]{section*.15}{B Einstein's 1927 incompleteness argument}{section*.13}% 15
\BOOKMARK [2][]{section*.16}{C Einstein's 1935 incompleteness argument}{section*.13}% 16
\BOOKMARK [1][]{section*.17}{V Historical Implications }{}% 17
\BOOKMARK [2][]{section*.18}{A A puzzle}{section*.17}% 18
\BOOKMARK [2][]{section*.19}{B A possible explanation}{section*.17}% 19
\BOOKMARK [1][]{section*.20}{VI The future of -epistemic models }{}% 20
\BOOKMARK [1][]{section*.21}{VII Acknowledgements}{}% 21
\BOOKMARK [1][]{section*.22}{ References}{}% 22
