This is pdfTeX, Version 3.14159265-2.6-1.40.19 (TeX Live 2018) (preloaded format=pdflatex 2018.4.16)  26 FEB 2019 18:14
entering extended mode
 restricted \write18 enabled.
 file:line:error style messages enabled.
 %&-line parsing enabled.
**harrigan_spekkens.tex
(./harrigan_spekkens.tex
LaTeX2e <2018-04-01> patch level 2
Babel <3.18> and hyphenation patterns for 84 language(s) loaded.
(/usr/local/texlive/2018/texmf-dist/tex/latex/revtex4/revtex4.cls
Document Class: revtex4 2001/08/02 v4.0 (http://publish.aps.org/revtex4/ for do
cumentation)
 Copyright (c) 2001 The American Physical Society.
 mailto:revtex@aps.org
 Licensed under the LPPL:
http://www.ctan.org/tex-archive/macros/latex/base/lppl.txt
 Arthur Ogawa <ogawa@teleport.com>
 Based on work by David Carlisle <david@dcarlisle.demon.co.uk>.
ltxutil: portions licensed from W. E. Baxter (web@superscript.com)
Class revtex4 Info: Repairing broken LateX \@sect on input line 596.
\intertabularlinepenalty=\count80
\@tbpen=\count81
\@arstrutbox@hline=\box26
Class revtex4 Info: Repairing broken LaTeX \@xbitor on input line 1610.
ltxgrid: portions licensed from W. E. Baxter (web@superscript.com)
\c@linecount=\count82
\output=\toks14
\@protection@box=\box27
\@topmark@saved=\toks15
\footins@saved=\box28
\pagesofar=\box29
\footbox=\box30
\pagegrid@col=\count83
Class revtex4 Info: Incorporating package {textcase}  [1998/11/12 v0.06 Text on
ly upper/lower case changing (DPC)]. on input line 3682.
(/usr/local/texlive/2018/texmf-dist/tex/latex/url/url.sty
\Urlmuskip=\muskip10
Package: url 2013/09/16  ver 3.4  Verb mode for urls, etc.
)
\c@affil=\count84
\absbox=\box31
\c@part=\count85
\c@section=\count86
\c@subsection=\count87
\c@subsubsection=\count88
\c@paragraph=\count89
\c@subparagraph=\count90
\abovecaptionskip=\skip41
\belowcaptionskip=\skip42
\c@figure=\count91
\c@table=\count92

(/usr/local/texlive/2018/texmf-dist/tex/latex/natbib/natbib.sty
Package: natbib 2010/09/13 8.31b (PWD, AO)
\bibhang=\skip43
\bibsep=\skip44
LaTeX Info: Redefining \cite on input line 694.
\c@NAT@ctr=\count93
)
\widetext@top=\box32
\widetext@bot=\box33

(/usr/local/texlive/2018/texmf-dist/tex/latex/revtex4/revsymb.sty
Package: revsymb 2001/08/02 v4.0 (http://publish.aps.org/revtex4/ for documenta
tion)
LaTeX Info: Redefining \REV@mathfrak on input line 118.
))
(/usr/local/texlive/2018/texmf-dist/tex/latex/revtex4/aps.rtx
File: aps.rtx 2001/08/02 v4.0 (http://publish.aps.org/revtex4/ for documentatio
n)
)
(/usr/local/texlive/2018/texmf-dist/tex/latex/revtex4/12pt.rtx
File: 12pt.rtx 2001/08/02 v4.0 (http://publish.aps.org/revtex4/ for documentati
on)
)
(/usr/local/texlive/2018/texmf-dist/tex/latex/psnfss/mathpazo.sty
Package: mathpazo 2005/04/12 PSNFSS-v9.2a Palatino w/ Pazo Math (D.Puga, WaS) 
\symupright=\mathgroup4
)
(/usr/local/texlive/2018/texmf-dist/tex/latex/hyperref/hyperref.sty
Package: hyperref 2018/09/30 v6.88a Hypertext links for LaTeX

(/usr/local/texlive/2018/texmf-dist/tex/generic/oberdiek/hobsub-hyperref.sty
Package: hobsub-hyperref 2016/05/16 v1.14 Bundle oberdiek, subset hyperref (HO)


(/usr/local/texlive/2018/texmf-dist/tex/generic/oberdiek/hobsub-generic.sty
Package: hobsub-generic 2016/05/16 v1.14 Bundle oberdiek, subset generic (HO)
Package: hobsub 2016/05/16 v1.14 Construct package bundles (HO)
Package: infwarerr 2016/05/16 v1.4 Providing info/warning/error messages (HO)
Package: ltxcmds 2016/05/16 v1.23 LaTeX kernel commands for general use (HO)
Package: ifluatex 2016/05/16 v1.4 Provides the ifluatex switch (HO)
Package ifluatex Info: LuaTeX not detected.
Package: ifvtex 2016/05/16 v1.6 Detect VTeX and its facilities (HO)
Package ifvtex Info: VTeX not detected.
Package: intcalc 2016/05/16 v1.2 Expandable calculations with integers (HO)
Package: ifpdf 2017/03/15 v3.2 Provides the ifpdf switch
Package: etexcmds 2016/05/16 v1.6 Avoid name clashes with e-TeX commands (HO)
Package etexcmds Info: Could not find \expanded.
(etexcmds)             That can mean that you are not using pdfTeX 1.50 or
(etexcmds)             that some package has redefined \expanded.
(etexcmds)             In the latter case, load this package earlier.
Package: kvsetkeys 2016/05/16 v1.17 Key value parser (HO)
Package: kvdefinekeys 2016/05/16 v1.4 Define keys (HO)
Package: pdftexcmds 2018/01/30 v0.27 Utility functions of pdfTeX for LuaTeX (HO
)
Package pdftexcmds Info: LuaTeX not detected.
Package pdftexcmds Info: \pdf@primitive is available.
Package pdftexcmds Info: \pdf@ifprimitive is available.
Package pdftexcmds Info: \pdfdraftmode found.
Package: pdfescape 2016/05/16 v1.14 Implements pdfTeX's escape features (HO)
Package: bigintcalc 2016/05/16 v1.4 Expandable calculations on big integers (HO
)
Package: bitset 2016/05/16 v1.2 Handle bit-vector datatype (HO)
Package: uniquecounter 2016/05/16 v1.3 Provide unlimited unique counter (HO)
)
Package hobsub Info: Skipping package `hobsub' (already loaded).
Package: letltxmacro 2016/05/16 v1.5 Let assignment for LaTeX macros (HO)
Package: hopatch 2016/05/16 v1.3 Wrapper for package hooks (HO)
Package: xcolor-patch 2016/05/16 xcolor patch
Package: atveryend 2016/05/16 v1.9 Hooks at the very end of document (HO)
Package: atbegshi 2016/06/09 v1.18 At begin shipout hook (HO)
Package: refcount 2016/05/16 v3.5 Data extraction from label references (HO)
Package: hycolor 2016/05/16 v1.8 Color options for hyperref/bookmark (HO)
)
(/usr/local/texlive/2018/texmf-dist/tex/latex/graphics/keyval.sty
Package: keyval 2014/10/28 v1.15 key=value parser (DPC)
\KV@toks@=\toks16
)
(/usr/local/texlive/2018/texmf-dist/tex/generic/ifxetex/ifxetex.sty
Package: ifxetex 2010/09/12 v0.6 Provides ifxetex conditional
)
(/usr/local/texlive/2018/texmf-dist/tex/latex/oberdiek/auxhook.sty
Package: auxhook 2016/05/16 v1.4 Hooks for auxiliary files (HO)
)
(/usr/local/texlive/2018/texmf-dist/tex/latex/oberdiek/kvoptions.sty
Package: kvoptions 2016/05/16 v3.12 Key value format for package options (HO)
)
\@linkdim=\dimen102
\Hy@linkcounter=\count94
\Hy@pagecounter=\count95

(/usr/local/texlive/2018/texmf-dist/tex/latex/hyperref/pd1enc.def
File: pd1enc.def 2018/09/30 v6.88a Hyperref: PDFDocEncoding definition (HO)
Now handling font encoding PD1 ...
... no UTF-8 mapping file for font encoding PD1
)
\Hy@SavedSpaceFactor=\count96

(/usr/local/texlive/2018/texmf-dist/tex/latex/latexconfig/hyperref.cfg
File: hyperref.cfg 2002/06/06 v1.2 hyperref configuration of TeXLive
)
Package hyperref Info: Option `colorlinks' set `true' on input line 4409.


Package hyperref Warning: Option `pagecolor' is not available anymore.

Package hyperref Info: Option `linktocpage' set `true' on input line 4409.
Package hyperref Info: Hyper figures OFF on input line 4535.
Package hyperref Info: Link nesting OFF on input line 4540.
Package hyperref Info: Hyper index ON on input line 4543.
Package hyperref Info: Plain pages OFF on input line 4550.
Package hyperref Info: Backreferencing OFF on input line 4555.
Package hyperref Info: Implicit mode ON; LaTeX internals redefined.
Package hyperref Info: Bookmarks ON on input line 4788.
\c@Hy@tempcnt=\count97
LaTeX Info: Redefining \url on input line 5141.
\XeTeXLinkMargin=\dimen103
\Fld@menulength=\count98
\Field@Width=\dimen104
\Fld@charsize=\dimen105
Package hyperref Info: Hyper figures OFF on input line 6396.
Package hyperref Info: Link nesting OFF on input line 6401.
Package hyperref Info: Hyper index ON on input line 6404.
Package hyperref Info: backreferencing OFF on input line 6411.
Package hyperref Info: Link coloring ON on input line 6414.
Package hyperref Info: Link coloring with OCG OFF on input line 6421.
Package hyperref Info: PDF/A mode OFF on input line 6426.
LaTeX Info: Redefining \ref on input line 6466.
LaTeX Info: Redefining \pageref on input line 6470.
\Hy@abspage=\count99
\c@Item=\count100
\c@Hfootnote=\count101
)
Package hyperref Info: Driver (autodetected): hpdftex.
 (/usr/local/texlive/2018/texmf-dist/tex/latex/hyperref/hpdftex.def
File: hpdftex.def 2018/09/30 v6.88a Hyperref driver for pdfTeX
\Fld@listcount=\count102
\c@bookmark@seq@number=\count103

(/usr/local/texlive/2018/texmf-dist/tex/latex/oberdiek/rerunfilecheck.sty
Package: rerunfilecheck 2016/05/16 v1.8 Rerun checks for auxiliary files (HO)
Package uniquecounter Info: New unique counter `rerunfilecheck' on input line 2
82.
)
\Hy@SectionHShift=\skip45
)
Package hyperref Info: Option `bookmarksopen' set `true' on input line 17.
Package hyperref Info: Option `bookmarksnumbered' set `true' on input line 17.

(/usr/local/texlive/2018/texmf-dist/tex/latex/geometry/geometry.sty
Package: geometry 2018/03/24 v5.7 Page Geometry
\Gm@cnth=\count104
\Gm@cntv=\count105
\c@Gm@tempcnt=\count106
\Gm@bindingoffset=\dimen106
\Gm@wd@mp=\dimen107
\Gm@odd@mp=\dimen108
\Gm@even@mp=\dimen109
\Gm@layoutwidth=\dimen110
\Gm@layoutheight=\dimen111
\Gm@layouthoffset=\dimen112
\Gm@layoutvoffset=\dimen113
\Gm@dimlist=\toks17
)
(/usr/local/texlive/2018/texmf-dist/tex/latex/amsfonts/amsfonts.sty
Package: amsfonts 2013/01/14 v3.01 Basic AMSFonts support
\@emptytoks=\toks18
\symAMSa=\mathgroup5
\symAMSb=\mathgroup6
LaTeX Font Info:    Overwriting math alphabet `\mathfrak' in version `bold'
(Font)                  U/euf/m/n --> U/euf/b/n on input line 106.
LaTeX Info: Redefining \frak on input line 111.
LaTeX Info: Redefining \Bbb on input line 113.
)
(/usr/local/texlive/2018/texmf-dist/tex/latex/amsmath/amsmath.sty
Package: amsmath 2017/09/02 v2.17a AMS math features
\@mathmargin=\skip46

For additional information on amsmath, use the `?' option.
(/usr/local/texlive/2018/texmf-dist/tex/latex/amsmath/amstext.sty
Package: amstext 2000/06/29 v2.01 AMS text

(/usr/local/texlive/2018/texmf-dist/tex/latex/amsmath/amsgen.sty
File: amsgen.sty 1999/11/30 v2.0 generic functions
\@emptytoks=\toks19
\ex@=\dimen114
))
(/usr/local/texlive/2018/texmf-dist/tex/latex/amsmath/amsbsy.sty
Package: amsbsy 1999/11/29 v1.2d Bold Symbols
\pmbraise@=\dimen115
)
(/usr/local/texlive/2018/texmf-dist/tex/latex/amsmath/amsopn.sty
Package: amsopn 2016/03/08 v2.02 operator names
)
\inf@bad=\count107
LaTeX Info: Redefining \frac on input line 213.
\uproot@=\count108
\leftroot@=\count109
LaTeX Info: Redefining \overline on input line 375.
\classnum@=\count110
\DOTSCASE@=\count111
LaTeX Info: Redefining \ldots on input line 472.
LaTeX Info: Redefining \dots on input line 475.
LaTeX Info: Redefining \cdots on input line 596.
\Mathstrutbox@=\box34
\strutbox@=\box35
\big@size=\dimen116
LaTeX Font Info:    Redeclaring font encoding OML on input line 712.
LaTeX Font Info:    Redeclaring font encoding OMS on input line 713.
\macc@depth=\count112
\c@MaxMatrixCols=\count113
\dotsspace@=\muskip11
\c@parentequation=\count114
\dspbrk@lvl=\count115
\tag@help=\toks20
\row@=\count116
\column@=\count117
\maxfields@=\count118
\andhelp@=\toks21
\eqnshift@=\dimen117
\alignsep@=\dimen118
\tagshift@=\dimen119
\tagwidth@=\dimen120
\totwidth@=\dimen121
\lineht@=\dimen122
\@envbody=\toks22
\multlinegap=\skip47
\multlinetaggap=\skip48
\mathdisplay@stack=\toks23
LaTeX Info: Redefining \[ on input line 2817.
LaTeX Info: Redefining \] on input line 2818.
)
(/usr/local/texlive/2018/texmf-dist/tex/latex/amsfonts/amssymb.sty
Package: amssymb 2013/01/14 v3.01 AMS font symbols
)
(/usr/local/texlive/2018/texmf-dist/tex/latex/graphics/graphicx.sty
Package: graphicx 2017/06/01 v1.1a Enhanced LaTeX Graphics (DPC,SPQR)

(/usr/local/texlive/2018/texmf-dist/tex/latex/graphics/graphics.sty
Package: graphics 2017/06/25 v1.2c Standard LaTeX Graphics (DPC,SPQR)

(/usr/local/texlive/2018/texmf-dist/tex/latex/graphics/trig.sty
Package: trig 2016/01/03 v1.10 sin cos tan (DPC)
)
(/usr/local/texlive/2018/texmf-dist/tex/latex/graphics-cfg/graphics.cfg
File: graphics.cfg 2016/06/04 v1.11 sample graphics configuration
)
Package graphics Info: Driver file: pdftex.def on input line 99.

(/usr/local/texlive/2018/texmf-dist/tex/latex/graphics-def/pdftex.def
File: pdftex.def 2018/01/08 v1.0l Graphics/color driver for pdftex
))
\Gin@req@height=\dimen123
\Gin@req@width=\dimen124
)
\c@theorem=\count119

(./harrigan_spekkens.aux)
\openout1 = `harrigan_spekkens.aux'.

LaTeX Font Info:    Checking defaults for OML/cmm/m/it on input line 56.
LaTeX Font Info:    ... okay on input line 56.
LaTeX Font Info:    Checking defaults for T1/cmr/m/n on input line 56.
LaTeX Font Info:    ... okay on input line 56.
LaTeX Font Info:    Checking defaults for OT1/cmr/m/n on input line 56.
LaTeX Font Info:    ... okay on input line 56.
LaTeX Font Info:    Checking defaults for OMS/cmsy/m/n on input line 56.
LaTeX Font Info:    ... okay on input line 56.
LaTeX Font Info:    Checking defaults for OMX/cmex/m/n on input line 56.
LaTeX Font Info:    ... okay on input line 56.
LaTeX Font Info:    Checking defaults for U/cmr/m/n on input line 56.
LaTeX Font Info:    ... okay on input line 56.
LaTeX Font Info:    Checking defaults for PD1/pdf/m/n on input line 56.
LaTeX Font Info:    ... okay on input line 56.
LaTeX Font Info:    Try loading font information for OT1+ppl on input line 56.

(/usr/local/texlive/2018/texmf-dist/tex/latex/psnfss/ot1ppl.fd
File: ot1ppl.fd 2001/06/04 font definitions for OT1/ppl.
)
Class revtex4 Info: Patching LaTeX tabular. on input line 56.
Class revtex4 Info: cite was not loaded (OK!) on input line 56.
Class revtex4 Info: multicol was not loaded (OK!) on input line 56.
\AtBeginShipoutBox=\box36

(/usr/local/texlive/2018/texmf-dist/tex/latex/graphics/color.sty
Package: color 2016/07/10 v1.1e Standard LaTeX Color (DPC)

(/usr/local/texlive/2018/texmf-dist/tex/latex/graphics-cfg/color.cfg
File: color.cfg 2016/01/02 v1.6 sample color configuration
)
Package color Info: Driver file: pdftex.def on input line 147.
)
Package hyperref Info: Link coloring ON on input line 56.

(/usr/local/texlive/2018/texmf-dist/tex/latex/hyperref/nameref.sty
Package: nameref 2016/05/21 v2.44 Cross-referencing by name of section

(/usr/local/texlive/2018/texmf-dist/tex/generic/oberdiek/gettitlestring.sty
Package: gettitlestring 2016/05/16 v1.5 Cleanup title references (HO)
)
\c@section@level=\count120
)
LaTeX Info: Redefining \ref on input line 56.
LaTeX Info: Redefining \pageref on input line 56.
LaTeX Info: Redefining \nameref on input line 56.

(./harrigan_spekkens.out) (./harrigan_spekkens.out)
\@outlinefile=\write3
\openout3 = `harrigan_spekkens.out'.


*geometry* driver: auto-detecting
*geometry* detected driver: pdftex
*geometry* verbose mode - [ preamble ] result:
* driver: pdftex
* paper: letterpaper
* layout: <same size as paper>
* layoutoffset:(h,v)=(0.0pt,0.0pt)
* modes: 
* h-part:(L,W,R)=(86.72377pt, 440.84746pt, 86.72377pt)
* v-part:(T,H,B)=(86.72377pt, 621.52245pt, 86.72377pt)
* \paperwidth=614.295pt
* \paperheight=794.96999pt
* \textwidth=440.84746pt
* \textheight=621.52245pt
* \oddsidemargin=14.45378pt
* \evensidemargin=14.45378pt
* \topmargin=-22.54622pt
* \headheight=12.0pt
* \headsep=25.0pt
* \topskip=10.0pt
* \footskip=30.0pt
* \marginparwidth=44.0pt
* \marginparsep=10.0pt
* \columnsep=10.0pt
* \skip\footins=25.25pt plus 4.0pt minus 2.0pt
* \hoffset=0.0pt
* \voffset=0.0pt
* \mag=1000
* \@twocolumnfalse
* \@twosidefalse
* \@mparswitchfalse
* \@reversemarginfalse
* (1in=72.27pt=25.4mm, 1cm=28.453pt)

(/usr/local/texlive/2018/texmf-dist/tex/context/base/mkii/supp-pdf.mkii
[Loading MPS to PDF converter (version 2006.09.02).]
\scratchcounter=\count121
\scratchdimen=\dimen125
\scratchbox=\box37
\nofMPsegments=\count122
\nofMParguments=\count123
\everyMPshowfont=\toks24
\MPscratchCnt=\count124
\MPscratchDim=\dimen126
\MPnumerator=\count125
\makeMPintoPDFobject=\count126
\everyMPtoPDFconversion=\toks25
) (/usr/local/texlive/2018/texmf-dist/tex/latex/oberdiek/epstopdf-base.sty
Package: epstopdf-base 2016/05/15 v2.6 Base part for package epstopdf

(/usr/local/texlive/2018/texmf-dist/tex/latex/oberdiek/grfext.sty
Package: grfext 2016/05/16 v1.2 Manage graphics extensions (HO)
)
Package epstopdf-base Info: Redefining graphics rule for `.eps' on input line 4
38.
Package grfext Info: Graphics extension search list:
(grfext)             [.pdf,.png,.jpg,.mps,.jpeg,.jbig2,.jb2,.PDF,.PNG,.JPG,.JPE
G,.JBIG2,.JB2,.eps]
(grfext)             \AppendGraphicsExtensions on input line 456.

(/usr/local/texlive/2018/texmf-dist/tex/latex/latexconfig/epstopdf-sys.cfg
File: epstopdf-sys.cfg 2010/07/13 v1.3 Configuration of (r)epstopdf for TeX Liv
e
))
LaTeX Font Info:    Font shape `OT1/ppl/bx/n' in size <14.4> not available
(Font)              Font shape `OT1/ppl/b/n' tried instead on input line 106.
LaTeX Font Info:    Font shape `OT1/ppl/bx/n' in size <10.95> not available
(Font)              Font shape `OT1/ppl/b/n' tried instead on input line 109.
LaTeX Font Info:    Try loading font information for OML+zplm on input line 115
.

(/usr/local/texlive/2018/texmf-dist/tex/latex/psnfss/omlzplm.fd
File: omlzplm.fd 2002/09/08 Fontinst v1.914 font definitions for OML/zplm.
)
LaTeX Font Info:    Try loading font information for OMS+zplm on input line 115
.

(/usr/local/texlive/2018/texmf-dist/tex/latex/psnfss/omszplm.fd
File: omszplm.fd 2002/09/08 Fontinst v1.914 font definitions for OMS/zplm.
)
LaTeX Font Info:    Try loading font information for OMX+zplm on input line 115
.

(/usr/local/texlive/2018/texmf-dist/tex/latex/psnfss/omxzplm.fd
File: omxzplm.fd 2002/09/08 Fontinst v1.914 font definitions for OMX/zplm.
)
LaTeX Font Info:    Try loading font information for OT1+zplm on input line 115
.

(/usr/local/texlive/2018/texmf-dist/tex/latex/psnfss/ot1zplm.fd
File: ot1zplm.fd 2002/09/08 Fontinst v1.914 font definitions for OT1/zplm.
)
LaTeX Font Info:    Font shape `U/msa/m/n' will be
(Font)              scaled to size 12.50409pt on input line 115.
LaTeX Font Info:    Font shape `U/msa/m/n' will be
(Font)              scaled to size 9.37807pt on input line 115.
LaTeX Font Info:    Font shape `U/msa/m/n' will be
(Font)              scaled to size 7.29405pt on input line 115.
LaTeX Font Info:    Font shape `U/msb/m/n' will be
(Font)              scaled to size 12.50409pt on input line 115.
LaTeX Font Info:    Font shape `U/msb/m/n' will be
(Font)              scaled to size 9.37807pt on input line 115.
LaTeX Font Info:    Font shape `U/msb/m/n' will be
(Font)              scaled to size 7.29405pt on input line 115.
 [1{/usr/local/texlive/2018/texmf-var/fonts/map/pdftex/updmap/pdftex.map}]
LaTeX Font Info:    Font shape `U/msa/m/n' will be
(Font)              scaled to size 10.42007pt on input line 135.
LaTeX Font Info:    Font shape `U/msa/m/n' will be
(Font)              scaled to size 7.91925pt on input line 135.
LaTeX Font Info:    Font shape `U/msa/m/n' will be
(Font)              scaled to size 6.25204pt on input line 135.
LaTeX Font Info:    Font shape `U/msb/m/n' will be
(Font)              scaled to size 10.42007pt on input line 135.
LaTeX Font Info:    Font shape `U/msb/m/n' will be
(Font)              scaled to size 7.91925pt on input line 135.
LaTeX Font Info:    Font shape `U/msb/m/n' will be
(Font)              scaled to size 6.25204pt on input line 135.


Package hyperref Warning: Ignoring empty anchor on input line 135.


Package hyperref Warning: Ignoring empty anchor on input line 154.


Package hyperref Warning: Ignoring empty anchor on input line 176.

[2] [3]
LaTeX Font Info:    Font shape `U/msa/m/n' will be
(Font)              scaled to size 11.40997pt on input line 257.
LaTeX Font Info:    Font shape `U/msa/m/n' will be
(Font)              scaled to size 8.33606pt on input line 257.
LaTeX Font Info:    Font shape `U/msb/m/n' will be
(Font)              scaled to size 11.40997pt on input line 257.
LaTeX Font Info:    Font shape `U/msb/m/n' will be
(Font)              scaled to size 8.33606pt on input line 257.


Package hyperref Warning: Token not allowed in a PDF string (PDFDocEncoding):
(hyperref)                removing `math shift' on input line 257.


Package hyperref Warning: Token not allowed in a PDF string (PDFDocEncoding):
(hyperref)                removing `\psi' on input line 257.


Package hyperref Warning: Token not allowed in a PDF string (PDFDocEncoding):
(hyperref)                removing `math shift' on input line 257.


Package hyperref Warning: Token not allowed in a PDF string (PDFDocEncoding):
(hyperref)                removing `math shift' on input line 257.


Package hyperref Warning: Token not allowed in a PDF string (PDFDocEncoding):
(hyperref)                removing `\psi' on input line 257.


Package hyperref Warning: Token not allowed in a PDF string (PDFDocEncoding):
(hyperref)                removing `math shift' on input line 257.

[4]
LaTeX Font Info:    Font shape `OT1/ppl/bx/n' in size <12> not available
(Font)              Font shape `OT1/ppl/b/n' tried instead on input line 305.


Package hyperref Warning: Ignoring empty anchor on input line 328.


Package hyperref Warning: Ignoring empty anchor on input line 348.

Package epstopdf Info: Source file: <classes.eps>
(epstopdf)                    date: 2007-06-18 16:34:53
(epstopdf)                    size: 47155 bytes
(epstopdf)             Output file: <classes-eps-converted-to.pdf>
(epstopdf)                    date: 2019-02-26 18:14:18
(epstopdf)                    size: 10361 bytes
(epstopdf)             Command: <repstopdf --outfile=classes-eps-converted-to.p
df classes.eps>
(epstopdf)             \includegraphics on input line 357.
Package epstopdf Info: Output file is already uptodate.
<classes-eps-converted-to.pdf, id=153, 596.2275pt x 388.45125pt>
File: classes-eps-converted-to.pdf Graphic file (type pdf)
<use classes-eps-converted-to.pdf>
Package pdftex.def Info: classes-eps-converted-to.pdf  used on input line 357.
(pdftex.def)             Requested size: 238.48677pt x 155.37773pt.

Underfull \hbox (badness 1158) in paragraph at lines 360--360
[]\OT1/ppl/m/n/10.95 FIG. 1: []Schematic view of the on-tic state space for \OT
1/ppl/b/n/10.95 (a) $\OML/zplm/m/it/10.95  $\OT1/ppl/m/n/10.95 -complete mod-el
s, \OT1/ppl/b/n/10.95 (b) $\OML/zplm/m/it/10.95  $\OT1/ppl/m/n/10.95 -
 []

[5]

Package hyperref Warning: Ignoring empty anchor on input line 396.

[6 <./classes-eps-converted-to.pdf>]

Package hyperref Warning: Ignoring empty anchor on input line 414.

LaTeX Font Info:    Font shape `OT1/ppl/bx/it' in size <12> not available
(Font)              Font shape `OT1/ppl/b/it' tried instead on input line 440.

Package hyperref Warning: Ignoring empty anchor on input line 450.


Package hyperref Warning: Ignoring empty anchor on input line 466.

[7]

Package hyperref Warning: Ignoring empty anchor on input line 498.

[8]
Package epstopdf Info: Source file: <classes2.eps>
(epstopdf)                    date: 2007-06-18 16:34:53
(epstopdf)                    size: 122557 bytes
(epstopdf)             Output file: <classes2-eps-converted-to.pdf>
(epstopdf)                    date: 2019-02-26 18:14:18
(epstopdf)                    size: 43901 bytes
(epstopdf)             Command: <repstopdf --outfile=classes2-eps-converted-to.
pdf classes2.eps>
(epstopdf)             \includegraphics on input line 568.
Package epstopdf Info: Output file is already uptodate.
<classes2-eps-converted-to.pdf, id=220, 596.2275pt x 393.47pt>
File: classes2-eps-converted-to.pdf Graphic file (type pdf)
<use classes2-eps-converted-to.pdf>
Package pdftex.def Info: classes2-eps-converted-to.pdf  used on input line 568.

(pdftex.def)             Requested size: 238.48677pt x 157.38521pt.
 [9]

Package hyperref Warning: Ignoring empty anchor on input line 603.

Package epstopdf Info: Source file: <class_fig2.eps>
(epstopdf)                    date: 2007-06-18 16:34:53
(epstopdf)                    size: 43814 bytes
(epstopdf)             Output file: <class_fig2-eps-converted-to.pdf>
(epstopdf)                    date: 2019-02-26 18:14:19
(epstopdf)                    size: 11731 bytes
(epstopdf)             Command: <repstopdf --outfile=class_fig2-eps-converted-t
o.pdf class_fig2.eps>
(epstopdf)             \includegraphics on input line 630.
Package epstopdf Info: Output file is already uptodate.
<class_fig2-eps-converted-to.pdf, id=228, 377.41pt x 265.99374pt>
File: class_fig2-eps-converted-to.pdf Graphic file (type pdf)
<use class_fig2-eps-converted-to.pdf>
Package pdftex.def Info: class_fig2-eps-converted-to.pdf  used on input line 63
0.
(pdftex.def)             Requested size: 188.70453pt x 132.99654pt.
[10 <./classes2-eps-converted-to.pdf>]

Package hyperref Warning: Ignoring empty anchor on input line 648.


Package hyperref Warning: Ignoring empty anchor on input line 654.

[11 <./class_fig2-eps-converted-to.pdf>]
Package epstopdf Info: Source file: <bbmodel.eps>
(epstopdf)                    date: 2007-06-18 16:34:53
(epstopdf)                    size: 188542 bytes
(epstopdf)             Output file: <bbmodel-eps-converted-to.pdf>
(epstopdf)                    date: 2019-02-26 18:14:19
(epstopdf)                    size: 24679 bytes
(epstopdf)             Command: <repstopdf --outfile=bbmodel-eps-converted-to.p
df bbmodel.eps>
(epstopdf)             \includegraphics on input line 718.
Package epstopdf Info: Output file is already uptodate.
<bbmodel-eps-converted-to.pdf, id=275, 218.8175pt x 234.8775pt>
File: bbmodel-eps-converted-to.pdf Graphic file (type pdf)
<use bbmodel-eps-converted-to.pdf>
Package pdftex.def Info: bbmodel-eps-converted-to.pdf  used on input line 718.
(pdftex.def)             Requested size: 131.2915pt x 140.92758pt.
 [12 <./bbmodel-eps-converted-to.pdf>]
[13]
Package epstopdf Info: Source file: <bmbs1and2.eps>
(epstopdf)                    date: 2007-06-18 16:34:53
(epstopdf)                    size: 300695 bytes
(epstopdf)             Output file: <bmbs1and2-eps-converted-to.pdf>
(epstopdf)                    date: 2019-02-26 18:14:19
(epstopdf)                    size: 54467 bytes
(epstopdf)             Command: <repstopdf --outfile=bmbs1and2-eps-converted-to
.pdf bmbs1and2.eps>
(epstopdf)             \includegraphics on input line 814.
Package epstopdf Info: Output file is already uptodate.
<bmbs1and2-eps-converted-to.pdf, id=313, 410.53375pt x 214.8025pt>
File: bmbs1and2-eps-converted-to.pdf Graphic file (type pdf)
<use bmbs1and2-eps-converted-to.pdf>
Package pdftex.def Info: bmbs1and2-eps-converted-to.pdf  used on input line 814
.
(pdftex.def)             Requested size: 225.79425pt x 118.14174pt.
 [14 <./bmbs1and2-eps-converted-to.pdf>]
Package epstopdf Info: Source file: <ksmodel.eps>
(epstopdf)                    date: 2007-06-18 16:34:53
(epstopdf)                    size: 251701 bytes
(epstopdf)             Output file: <ksmodel-eps-converted-to.pdf>
(epstopdf)                    date: 2019-02-26 18:14:20
(epstopdf)                    size: 45936 bytes
(epstopdf)             Command: <repstopdf --outfile=ksmodel-eps-converted-to.p
df ksmodel.eps>
(epstopdf)             \includegraphics on input line 875.
Package epstopdf Info: Output file is already uptodate.
<ksmodel-eps-converted-to.pdf, id=337, 241.90375pt x 256.96pt>
File: ksmodel-eps-converted-to.pdf Graphic file (type pdf)
<use ksmodel-eps-converted-to.pdf>
Package pdftex.def Info: ksmodel-eps-converted-to.pdf  used on input line 875.
(pdftex.def)             Requested size: 145.14336pt x 154.17719pt.
 [15 <./ksmodel-eps-converted-to.pdf>] [16]
Package epstopdf Info: Source file: <bell_fig.eps>
(epstopdf)                    date: 2007-06-18 16:34:53
(epstopdf)                    size: 5596 bytes
(epstopdf)             Output file: <bell_fig-eps-converted-to.pdf>
(epstopdf)                    date: 2019-02-26 18:14:20
(epstopdf)                    size: 4135 bytes
(epstopdf)             Command: <repstopdf --outfile=bell_fig-eps-converted-to.
pdf bell_fig.eps>
(epstopdf)             \includegraphics on input line 975.
Package epstopdf Info: Output file is already uptodate.
<bell_fig-eps-converted-to.pdf, id=358, 369.38pt x 152.57pt>
File: bell_fig-eps-converted-to.pdf Graphic file (type pdf)
<use bell_fig-eps-converted-to.pdf>
Package pdftex.def Info: bell_fig-eps-converted-to.pdf  used on input line 975.

(pdftex.def)             Requested size: 221.6297pt x 91.5427pt.
 [17 <./bell_fig-eps-converted-to.pdf>]

Package hyperref Warning: Ignoring empty anchor on input line 1045.

[18]

Package hyperref Warning: Token not allowed in a PDF string (PDFDocEncoding):
(hyperref)                removing `math shift' on input line 1078.


Package hyperref Warning: Token not allowed in a PDF string (PDFDocEncoding):
(hyperref)                removing `\psi' on input line 1078.


Package hyperref Warning: Token not allowed in a PDF string (PDFDocEncoding):
(hyperref)                removing `math shift' on input line 1078.


Package hyperref Warning: Ignoring empty anchor on input line 1122.

[19]

Package hyperref Warning: Ignoring empty anchor on input line 1132.


Package hyperref Warning: Ignoring empty anchor on input line 1178.

[20] [21]
LaTeX Font Info:    Try loading font information for OMS+ppl on input line 1270
.
 (/usr/local/texlive/2018/texmf-dist/tex/latex/psnfss/omsppl.fd
File: omsppl.fd 
)
LaTeX Font Info:    Font shape `OMS/ppl/m/n' in size <12> not available
(Font)              Font shape `OMS/cmsy/m/n' tried instead on input line 1270.

Package epstopdf Info: Source file: <hemisphere.eps>
(epstopdf)                    date: 2007-06-18 16:34:53
(epstopdf)                    size: 15826 bytes
(epstopdf)             Output file: <hemisphere-eps-converted-to.pdf>
(epstopdf)                    date: 2019-02-26 18:14:21
(epstopdf)                    size: 11167 bytes
(epstopdf)             Command: <repstopdf --outfile=hemisphere-eps-converted-t
o.pdf hemisphere.eps>
(epstopdf)             \includegraphics on input line 1291.
Package epstopdf Info: Output file is already uptodate.
<hemisphere-eps-converted-to.pdf, id=445, 154.5775pt x 132.495pt>
File: hemisphere-eps-converted-to.pdf Graphic file (type pdf)
<use hemisphere-eps-converted-to.pdf>
Package pdftex.def Info: hemisphere-eps-converted-to.pdf  used on input line 12
91.
(pdftex.def)             Requested size: 123.66214pt x 105.99612pt.

[22]

Package hyperref Warning: Ignoring empty anchor on input line 1318.

[23 <./hemisphere-eps-converted-to.pdf>]
Underfull \hbox (badness 1270) in paragraph at lines 1367--1374
\OT1/ppl/m/n/12 Because there is no rea-son to as-sume that $\OML/zplm/m/it/12 
p\OT1/zplm/m/n/12 (\OT1/ppl/m/n/12 1[]\OMS/zplm/m/n/12 j\OML/zplm/m/it/12  \OT1
/ppl/m/n/12 , \OML/zplm/m/it/12 !\OT1/zplm/m/n/12 ) = \OML/zplm/m/it/12 p\OT1/z
plm/m/n/12 (\OT1/ppl/m/n/12 1[]\OMS/zplm/m/n/12 j\OML/zplm/m/it/12  \OT1/zplm/m
/n/12 )$ \OT1/ppl/m/n/12 nor that
 []

[24] [25]

Package hyperref Warning: Ignoring empty anchor on input line 1540.

[26]

Package hyperref Warning: Ignoring empty anchor on input line 1591.

[27] [28] [29]

Package hyperref Warning: Token not allowed in a PDF string (PDFDocEncoding):
(hyperref)                removing `math shift' on input line 1773.


Package hyperref Warning: Token not allowed in a PDF string (PDFDocEncoding):
(hyperref)                removing `\psi' on input line 1773.


Package hyperref Warning: Token not allowed in a PDF string (PDFDocEncoding):
(hyperref)                removing `math shift' on input line 1773.

[30]

Package hyperref Warning: Ignoring empty anchor on input line 1804.


Package hyperref Warning: Suppressing link with empty target on input line 1842
.

[31]

Package hyperref Warning: Ignoring empty anchor on input line 1873.


Package hyperref Warning: Ignoring empty anchor on input line 1895.

[32] [33] [34] [35]
Package atveryend Info: Empty hook `BeforeClearDocument' on input line 2506.
 [36]
Package atveryend Info: Empty hook `AfterLastShipout' on input line 2506.
 (./harrigan_spekkens.aux)
Package atveryend Info: Executing hook `AtVeryEndDocument' on input line 2506.
Package atveryend Info: Executing hook `AtEndAfterFileList' on input line 2506.

Package rerunfilecheck Info: File `harrigan_spekkens.out' has not changed.
(rerunfilecheck)             Checksum: 711FD0D060BE7BCC8330836BE4D493E3;1699.


LaTeX Warning: Label(s) may have changed. Rerun to get cross-references right .


 ) 
Here is how much of TeX's memory you used:
 8702 strings out of 492649
 123799 string characters out of 6129622
 233534 words of memory out of 5000000
 12225 multiletter control sequences out of 15000+600000
 45675 words of font info for 129 fonts, out of 8000000 for 9000
 1141 hyphenation exceptions out of 8191
 28i,10n,32p,585b,626s stack positions out of 5000i,500n,10000p,200000b,80000s
{/usr/local/texlive/2018/texmf-dist/fonts/enc/dvips/base/8r.enc}</usr/local/t
exlive/2018/texmf-dist/fonts/type1/public/amsfonts/cm/cmex10.pfb></usr/local/te
xlive/2018/texmf-dist/fonts/type1/public/amsfonts/cm/cmmi10.pfb></usr/local/tex
live/2018/texmf-dist/fonts/type1/public/amsfonts/cm/cmr10.pfb></usr/local/texli
ve/2018/texmf-dist/fonts/type1/public/amsfonts/cm/cmsy10.pfb></usr/local/texliv
e/2018/texmf-dist/fonts/type1/public/mathpazo/fplmr.pfb></usr/local/texlive/201
8/texmf-dist/fonts/type1/public/mathpazo/fplmri.pfb></usr/local/texlive/2018/te
xmf-dist/fonts/type1/urw/palatino/uplb8a.pfb></usr/local/texlive/2018/texmf-dis
t/fonts/type1/urw/palatino/uplbi8a.pfb></usr/local/texlive/2018/texmf-dist/font
s/type1/urw/palatino/uplr8a.pfb></usr/local/texlive/2018/texmf-dist/fonts/type1
/urw/palatino/uplri8a.pfb>
Output written on harrigan_spekkens.pdf (36 pages, 422916 bytes).
PDF statistics:
 754 PDF objects out of 1000 (max. 8388607)
 664 compressed objects within 7 object streams
 219 named destinations out of 1000 (max. 500000)
 217 words of extra memory for PDF output out of 10000 (max. 10000000)

